# JRE version: OpenJDK Runtime Environment (8.0_232-b09) (build 1.8.0_232-b09)
# Java VM: OpenJDK 64-Bit Server VM (25.232-b09 mixed mode windows-amd64 compressed oops)
Heap:
 PSYoungGen      total 270848K, used 99090K [0x00000000eab00000, 0x00000000fbe00000, 0x0000000100000000)
  eden space 260096K, 38% used [0x00000000eab00000,0x00000000f0bc4aa0,0x00000000fa900000)
  from space 10752K, 0% used [0x00000000fb380000,0x00000000fb380000,0x00000000fbe00000)
  to   space 10752K, 0% used [0x00000000fa900000,0x00000000fa900000,0x00000000fb380000)
 ParOldGen       total 173568K, used 68012K [0x00000000c0000000, 0x00000000ca980000, 0x00000000eab00000)
  object space 173568K, 39% used [0x00000000c0000000,0x00000000c426b220,0x00000000ca980000)
 Metaspace       used 13931K, capacity 14592K, committed 14848K, reserved 1062912K
  class space    used 2054K, capacity 2217K, committed 2304K, reserved 1048576K
GC Heap History (10 events):
Event: 136.364 GC heap before
{Heap before GC invocations=28 (full 12):
 PSYoungGen      total 270848K, used 4800K [0x00000000eab00000, 0x00000000fbe00000, 0x0000000100000000)
  eden space 260096K, 0% used [0x00000000eab00000,0x00000000eab00000,0x00000000fa900000)
  from space 10752K, 44% used [0x00000000fb380000,0x00000000fb830000,0x00000000fbe00000)
  to   space 10752K, 0% used [0x00000000fa900000,0x00000000fa900000,0x00000000fb380000)
 ParOldGen       total 173568K, used 54445K [0x00000000c0000000, 0x00000000ca980000, 0x00000000eab00000)
  object space 173568K, 31% used [0x00000000c0000000,0x00000000c352b728,0x00000000ca980000)
 Metaspace       used 13677K, capacity 14338K, committed 14592K, reserved 1060864K
  class space    used 2025K, capacity 2180K, committed 2304K, reserved 1048576K
Event: 136.625 GC heap after
Heap after GC invocations=28 (full 12):
 PSYoungGen      total 270848K, used 0K [0x00000000eab00000, 0x00000000fbe00000, 0x0000000100000000)
  eden space 260096K, 0% used [0x00000000eab00000,0x00000000eab00000,0x00000000fa900000)
  from space 10752K, 0% used [0x00000000fb380000,0x00000000fb380000,0x00000000fbe00000)
  to   space 10752K, 0% used [0x00000000fa900000,0x00000000fa900000,0x00000000fb380000)
 ParOldGen       total 173568K, used 54715K [0x00000000c0000000, 0x00000000ca980000, 0x00000000eab00000)
  object space 173568K, 31% used [0x00000000c0000000,0x00000000c356ed90,0x00000000ca980000)
 Metaspace       used 13677K, capacity 14338K, committed 14592K, reserved 1060864K
  class space    used 2025K, capacity 2180K, committed 2304K, reserved 1048576K
}
Event: 136.768 GC heap before
{Heap before GC invocations=29 (full 12):
 PSYoungGen      total 270848K, used 62000K [0x00000000eab00000, 0x00000000fbe00000, 0x0000000100000000)
  eden space 260096K, 23% used [0x00000000eab00000,0x00000000ee78c2f0,0x00000000fa900000)
  from space 10752K, 0% used [0x00000000fb380000,0x00000000fb380000,0x00000000fbe00000)
  to   space 10752K, 0% used [0x00000000fa900000,0x00000000fa900000,0x00000000fb380000)
 ParOldGen       total 173568K, used 54715K [0x00000000c0000000, 0x00000000ca980000, 0x00000000eab00000)
  object space 173568K, 31% used [0x00000000c0000000,0x00000000c356ed90,0x00000000ca980000)
 Metaspace       used 13679K, capacity 14338K, committed 14592K, reserved 1060864K
  class space    used 2025K, capacity 2180K, committed 2304K, reserved 1048576K
Event: 136.795 GC heap after
Heap after GC invocations=29 (full 12):
 PSYoungGen      total 270848K, used 7488K [0x00000000eab00000, 0x00000000fbe00000, 0x0000000100000000)
  eden space 260096K, 0% used [0x00000000eab00000,0x00000000eab00000,0x00000000fa900000)
  from space 10752K, 69% used [0x00000000fa900000,0x00000000fb050000,0x00000000fb380000)
  to   space 10752K, 0% used [0x00000000fb380000,0x00000000fb380000,0x00000000fbe00000)
 ParOldGen       total 173568K, used 54715K [0x00000000c0000000, 0x00000000ca980000, 0x00000000eab00000)
  object space 173568K, 31% used [0x00000000c0000000,0x00000000c356ed90,0x00000000ca980000)
 Metaspace       used 13679K, capacity 14338K, committed 14592K, reserved 1060864K
  class space    used 2025K, capacity 2180K, committed 2304K, reserved 1048576K
}
Event: 136.795 GC heap before
{Heap before GC invocations=30 (full 13):
 PSYoungGen      total 270848K, used 7488K [0x00000000eab00000, 0x00000000fbe00000, 0x0000000100000000)
  eden space 260096K, 0% used [0x00000000eab00000,0x00000000eab00000,0x00000000fa900000)
  from space 10752K, 69% used [0x00000000fa900000,0x00000000fb050000,0x00000000fb380000)
  to   space 10752K, 0% used [0x00000000fb380000,0x00000000fb380000,0x00000000fbe00000)
 ParOldGen       total 173568K, used 54715K [0x00000000c0000000, 0x00000000ca980000, 0x00000000eab00000)
  object space 173568K, 31% used [0x00000000c0000000,0x00000000c356ed90,0x00000000ca980000)
 Metaspace       used 13679K, capacity 14338K, committed 14592K, reserved 1060864K
  class space    used 2025K, capacity 2180K, committed 2304K, reserved 1048576K
Event: 137.088 GC heap after
Heap after GC invocations=30 (full 13):
 PSYoungGen      total 270848K, used 0K [0x00000000eab00000, 0x00000000fbe00000, 0x0000000100000000)
  eden space 260096K, 0% used [0x00000000eab00000,0x00000000eab00000,0x00000000fa900000)
  from space 10752K, 0% used [0x00000000fa900000,0x00000000fa900000,0x00000000fb380000)
  to   space 10752K, 0% used [0x00000000fb380000,0x00000000fb380000,0x00000000fbe00000)
 ParOldGen       total 173568K, used 62039K [0x00000000c0000000, 0x00000000ca980000, 0x00000000eab00000)
  object space 173568K, 35% used [0x00000000c0000000,0x00000000c3c95c28,0x00000000ca980000)
 Metaspace       used 13679K, capacity 14338K, committed 14592K, reserved 1060864K
  class space    used 2025K, capacity 2180K, committed 2304K, reserved 1048576K
}
Event: 137.225 GC heap before
{Heap before GC invocations=31 (full 13):
 PSYoungGen      total 270848K, used 56858K [0x00000000eab00000, 0x00000000fbe00000, 0x0000000100000000)
  eden space 260096K, 21% used [0x00000000eab00000,0x00000000ee286b90,0x00000000fa900000)
  from space 10752K, 0% used [0x00000000fa900000,0x00000000fa900000,0x00000000fb380000)
  to   space 10752K, 0% used [0x00000000fb380000,0x00000000fb380000,0x00000000fbe00000)
 ParOldGen       total 173568K, used 62039K [0x00000000c0000000, 0x00000000ca980000, 0x00000000eab00000)
  object space 173568K, 35% used [0x00000000c0000000,0x00000000c3c95c28,0x00000000ca980000)
 Metaspace       used 13679K, capacity 14338K, committed 14592K, reserved 1060864K
  class space    used 2025K, capacity 2180K, committed 2304K, reserved 1048576K
Event: 137.245 GC heap after
Heap after GC invocations=31 (full 13):
 PSYoungGen      total 270848K, used 6720K [0x00000000eab00000, 0x00000000fbe00000, 0x0000000100000000)
  eden space 260096K, 0% used [0x00000000eab00000,0x00000000eab00000,0x00000000fa900000)
  from space 10752K, 62% used [0x00000000fb380000,0x00000000fba10000,0x00000000fbe00000)
  to   space 10752K, 0% used [0x00000000fa900000,0x00000000fa900000,0x00000000fb380000)
 ParOldGen       total 173568K, used 62039K [0x00000000c0000000, 0x00000000ca980000, 0x00000000eab00000)
  object space 173568K, 35% used [0x00000000c0000000,0x00000000c3c95c28,0x00000000ca980000)
 Metaspace       used 13679K, capacity 14338K, committed 14592K, reserved 1060864K
  class space    used 2025K, capacity 2180K, committed 2304K, reserved 1048576K
}
Event: 137.245 GC heap before
{Heap before GC invocations=32 (full 14):
 PSYoungGen      total 270848K, used 6720K [0x00000000eab00000, 0x00000000fbe00000, 0x0000000100000000)
  eden space 260096K, 0% used [0x00000000eab00000,0x00000000eab00000,0x00000000fa900000)
  from space 10752K, 62% used [0x00000000fb380000,0x00000000fba10000,0x00000000fbe00000)
  to   space 10752K, 0% used [0x00000000fa900000,0x00000000fa900000,0x00000000fb380000)
 ParOldGen       total 173568K, used 62039K [0x00000000c0000000, 0x00000000ca980000, 0x00000000eab00000)
  object space 173568K, 35% used [0x00000000c0000000,0x00000000c3c95c28,0x00000000ca980000)
 Metaspace       used 13679K, capacity 14338K, committed 14592K, reserved 1060864K
  class space    used 2025K, capacity 2180K, committed 2304K, reserved 1048576K
Event: 137.585 GC heap after
Heap after GC invocations=32 (full 14):
 PSYoungGen      total 270848K, used 0K [0x00000000eab00000, 0x00000000fbe00000, 0x0000000100000000)
  eden space 260096K, 0% used [0x00000000eab00000,0x00000000eab00000,0x00000000fa900000)
  from space 10752K, 0% used [0x00000000fb380000,0x00000000fb380000,0x00000000fbe00000)
  to   space 10752K, 0% used [0x00000000fa900000,0x00000000fa900000,0x00000000fb380000)
 ParOldGen       total 173568K, used 68012K [0x00000000c0000000, 0x00000000ca980000, 0x00000000eab00000)
  object space 173568K, 39% used [0x00000000c0000000,0x00000000c426b220,0x00000000ca980000)
 Metaspace       used 13679K, capacity 14338K, committed 14592K, reserved 1060864K
  class space    used 2025K, capacity 2180K, committed 2304K, reserved 1048576K
}

